
 Import global parameters 
 
[(0.10302585801592257-3.4915553254468417e-18j), (0.00071093573261001323-3.7136924984151492e-20j), (0.1280680447391947+1.8087325936637969e-19j), (0.024331250990662131-1.3763362869565684e-21j), (0.10302585801592257-3.4915553254468417e-18j), (0.00071093573261001323-3.7136924984151492e-20j), (0.10302585801592257-3.4915553254468417e-18j), (0.036915166968170481+3.5411224311352804e-18j), (0.036915166968170529-2.6813861366780787e-18j), (0.17614525621965363-7.4164000687129287e-34j), (0.1280680447391947+1.8087325936637969e-19j), (0.10302585801592257-3.4915553254468417e-18j), (0.036915166968170481+3.5411224311352804e-18j), (0.12806804473919478+1.2923134150327431e-18j), (-0.036915166968170529+4.9125349505433729e-20j), (0.17614525621965363-7.4164000687129287e-34j), (0.10302585801592257-3.4915553254468417e-18j), (0.00071093573261001323-3.7136924984151492e-20j), (-0.00071093573261001475-3.713692498415151e-20j), (0.10302585801592283-5.9256511137123281e-18j), (0.12806804473919478+1.2923134150327431e-18j), (-0.024331250990662124-1.376336286956341e-21j), (0.1280680447391947+1.8087325936637969e-19j), (0.036915166968170529-2.6813861366780787e-18j), (0.17614525621965363-7.4164000687129287e-34j), (0.10302585801592257-3.4915553254468417e-18j), (-0.036915166968170529-2.7824693425440646e-18j), (0.1280680447391947+1.8087325936637969e-19j), (0.024331250990662131-1.3763362869565684e-21j), (-0.024331250990662124-1.376336286956341e-21j), (0.12806804473919478+1.2923134150327431e-18j), (-0.024331250990662131+1.3763362869565379e-21j), (0.1280680447391947+1.8087325936637969e-19j), (0.1280680447391947+1.8087325936637969e-19j), (0.10302585801592283-5.9256511137123281e-18j), (-0.036915166968170494-3.7098703769974862e-18j), (0.17614525621965363-7.4164000687129287e-34j), (-0.036915166968170529+4.9125349505433729e-20j), (-0.036915166968170529+4.9125349505433729e-20j), (0.17614525621965363-7.4164000687129287e-34j), (0.12806804473919478+1.2923134150327431e-18j), (-0.036915166968170529-2.7824693425440646e-18j), (0.10302585801592257-3.4915553254468417e-18j), (-0.036915166968170529+4.9125349505433729e-20j), (0.17614525621965363-7.4164000687129287e-34j), (0.10302585801592283-5.9256511137123281e-18j), (-0.036915166968170494-3.7098703769974862e-18j), (0.1280680447391947+1.8087325936637969e-19j), (-0.024331250990662124-1.376336286956341e-21j), (0.12806804473919478+1.2923134150327431e-18j), (-0.00071093573261001475-3.713692498415151e-20j), (0.10302585801592283-5.9256511137123281e-18j), (0.00071093573261001377+2.0197709716009953e-20j), (0.10302585801592257-3.4915553254468417e-18j), (0.10302585801592257-3.4915553254468417e-18j), (0.00071093573261001323-3.7136924984151492e-20j), (0.1280680447391947+1.8087325936637969e-19j), (-0.024331250990662131+1.3763362869565379e-21j), (0.10302585801592257-3.4915553254468417e-18j), (-0.00071093573261001323+3.713692498415148e-20j), (0.10302585801592257-3.4915553254468417e-18j), (-0.036915166968170529-2.7824693425440646e-18j), (-0.036915166968170481+3.4400392252692945e-18j), (0.17614525621965363-7.4164000687129287e-34j), (0.1280680447391947+1.8087325936637969e-19j), (0.10302585801592257-3.4915553254468417e-18j), (-0.036915166968170529-2.7824693425440646e-18j), (0.12806804473919478+1.2923134150327431e-18j), (0.17614525621965363-7.4164000687129287e-34j), (-0.036915166968170529+4.9125349505433729e-20j), (0.1280680447391947+1.8087325936637969e-19j), (-0.036915166968170481+3.4400392252692945e-18j), (0.17614525621965363-7.4164000687129287e-34j), (-0.036915166968170529-2.7824693425440646e-18j), (0.10302585801592257-3.4915553254468417e-18j), (0.1280680447391947+1.8087325936637969e-19j), (-0.024331250990662131+1.3763362869565379e-21j), (0.12806804473919478+1.2923134150327431e-18j), (-0.024331250990662124-1.376336286956341e-21j), (0.024331250990662134-2.3826886774924248e-20j), (0.1280680447391947+1.8087325936637969e-19j), (-0.036915166968170529+4.9125349505433729e-20j), (0.17614525621965363-7.4164000687129287e-34j), (0.12806804473919478+1.2923134150327431e-18j), (0.10302585801592257-3.4915553254468417e-18j), (0.036915166968170543+2.4604941246082059e-18j), (0.10302585801592257-3.4915553254468417e-18j), (-0.00071093573261001323+3.713692498415148e-20j), (-0.024331250990662131+1.3763362869565379e-21j), (0.1280680447391947+1.8087325936637969e-19j), (0.00071093573261001377+2.0197709716009953e-20j), (0.10302585801592257-3.4915553254468417e-18j), (0.10302585801592257-3.4915553254468417e-18j), (-0.036915166968170529-2.7824693425440646e-18j), (0.036915166968170494-3.7611845817654347e-18j), (0.17614525621965363-7.4164000687129287e-34j), (0.1280680447391947+1.8087325936637969e-19j), (0.1280680447391947+1.8087325936637969e-19j), (0.036915166968170494-3.7611845817654347e-18j), (0.17614525621965363-7.4164000687129287e-34j), (0.10302585801592257-3.4915553254468417e-18j), (0.036915166968170543+2.4604941246082059e-18j), (0.00071093573261001377+2.0197709716009953e-20j), (0.10302585801592257-3.4915553254468417e-18j), (0.024331250990662134-2.3826886774924248e-20j), (0.1280680447391947+1.8087325936637969e-19j), (0.00071093573261001377+2.0197709716009953e-20j), (0.10302585801592257-3.4915553254468417e-18j)]
[0, 0, 0, 0, 0, 0, 1, 1, 1, 1, 1, 2, 2, 2, 2, 2, 3, 3, 3, 3, 3, 3, 4, 4, 4, 4, 4, 5, 5, 5, 5, 5, 5, 6, 6, 6, 6, 6, 7, 7, 7, 7, 7, 8, 8, 8, 8, 8, 9, 9, 9, 9, 9, 9, 10, 10, 10, 10, 10, 10, 11, 11, 11, 11, 11, 12, 12, 12, 12, 12, 13, 13, 13, 13, 13, 14, 14, 14, 14, 14, 14, 15, 15, 15, 15, 15, 16, 16, 16, 16, 16, 16, 17, 17, 17, 17, 17, 18, 18, 18, 18, 18, 19, 19, 19, 19, 19, 19]
[0, 16, 0, 14, 0, 9, 1, 17, 15, 1, 1, 2, 18, 2, 4, 2, 3, 19, 10, 3, 3, 5, 4, 18, 4, 4, 2, 5, 19, 10, 5, 3, 5, 6, 6, 11, 6, 7, 11, 7, 7, 6, 7, 12, 8, 8, 13, 8, 14, 9, 16, 9, 0, 9, 10, 19, 10, 5, 10, 3, 11, 7, 6, 11, 11, 12, 8, 12, 12, 13, 13, 8, 13, 12, 13, 14, 9, 14, 16, 0, 14, 17, 15, 15, 15, 1, 16, 9, 14, 16, 0, 16, 17, 15, 1, 17, 17, 18, 2, 18, 18, 4, 3, 19, 5, 19, 10, 19]
  (0, 0)	(0.103025858016-3.49155532545e-18j)
  (0, 16)	(0.00071093573261-3.71369249842e-20j)
  (0, 0)	(0.128068044739+1.80873259366e-19j)
  (0, 14)	(0.0243312509907-1.37633628696e-21j)
  (0, 0)	(0.103025858016-3.49155532545e-18j)
  (0, 9)	(0.00071093573261-3.71369249842e-20j)
  (1, 1)	(0.103025858016-3.49155532545e-18j)
  (1, 17)	(0.0369151669682+3.54112243114e-18j)
  (1, 15)	(0.0369151669682-2.68138613668e-18j)
  (1, 1)	(0.17614525622-7.41640006871e-34j)
  (1, 1)	(0.128068044739+1.80873259366e-19j)
  (2, 2)	(0.103025858016-3.49155532545e-18j)
  (2, 18)	(0.0369151669682+3.54112243114e-18j)
  (2, 2)	(0.128068044739+1.29231341503e-18j)
  (2, 4)	(-0.0369151669682+4.91253495054e-20j)
  (2, 2)	(0.17614525622-7.41640006871e-34j)
  (3, 3)	(0.103025858016-3.49155532545e-18j)
  (3, 19)	(0.00071093573261-3.71369249842e-20j)
  (3, 10)	(-0.00071093573261-3.71369249842e-20j)
  (3, 3)	(0.103025858016-5.92565111371e-18j)
  (3, 3)	(0.128068044739+1.29231341503e-18j)
  (3, 5)	(-0.0243312509907-1.37633628696e-21j)
  (4, 4)	(0.128068044739+1.80873259366e-19j)
  (4, 18)	(0.0369151669682-2.68138613668e-18j)
  (4, 4)	(0.17614525622-7.41640006871e-34j)
  :	:
  (15, 15)	(0.128068044739+1.29231341503e-18j)
  (15, 15)	(0.103025858016-3.49155532545e-18j)
  (15, 1)	(0.0369151669682+2.46049412461e-18j)
  (16, 16)	(0.103025858016-3.49155532545e-18j)
  (16, 9)	(-0.00071093573261+3.71369249842e-20j)
  (16, 14)	(-0.0243312509907+1.37633628696e-21j)
  (16, 16)	(0.128068044739+1.80873259366e-19j)
  (16, 0)	(0.00071093573261+2.0197709716e-20j)
  (16, 16)	(0.103025858016-3.49155532545e-18j)
  (17, 17)	(0.103025858016-3.49155532545e-18j)
  (17, 15)	(-0.0369151669682-2.78246934254e-18j)
  (17, 1)	(0.0369151669682-3.76118458177e-18j)
  (17, 17)	(0.17614525622-7.41640006871e-34j)
  (17, 17)	(0.128068044739+1.80873259366e-19j)
  (18, 18)	(0.128068044739+1.80873259366e-19j)
  (18, 2)	(0.0369151669682-3.76118458177e-18j)
  (18, 18)	(0.17614525622-7.41640006871e-34j)
  (18, 18)	(0.103025858016-3.49155532545e-18j)
  (18, 4)	(0.0369151669682+2.46049412461e-18j)
  (19, 3)	(0.00071093573261+2.0197709716e-20j)
  (19, 19)	(0.103025858016-3.49155532545e-18j)
  (19, 5)	(0.0243312509907-2.38268867749e-20j)
  (19, 19)	(0.128068044739+1.80873259366e-19j)
  (19, 10)	(0.00071093573261+2.0197709716e-20j)
  (19, 19)	(0.103025858016-3.49155532545e-18j)
[[ 0.33411976 -6.80223739e-18j  0.00000000 +0.00000000e+00j
   0.00000000 +0.00000000e+00j  0.00000000 +0.00000000e+00j
   0.00000000 +0.00000000e+00j  0.00000000 +0.00000000e+00j
   0.00000000 +0.00000000e+00j  0.00000000 +0.00000000e+00j
   0.00000000 +0.00000000e+00j  0.00071094 -3.71369250e-20j
   0.00000000 +0.00000000e+00j  0.00000000 +0.00000000e+00j
   0.00000000 +0.00000000e+00j  0.00000000 +0.00000000e+00j
   0.02433125 -1.37633629e-21j  0.00000000 +0.00000000e+00j
   0.00071094 -3.71369250e-20j  0.00000000 +0.00000000e+00j
   0.00000000 +0.00000000e+00j  0.00000000 +0.00000000e+00j]
 [ 0.00000000 +0.00000000e+00j  0.40723916 -3.31068207e-18j
   0.00000000 +0.00000000e+00j  0.00000000 +0.00000000e+00j
   0.00000000 +0.00000000e+00j  0.00000000 +0.00000000e+00j
   0.00000000 +0.00000000e+00j  0.00000000 +0.00000000e+00j
   0.00000000 +0.00000000e+00j  0.00000000 +0.00000000e+00j
   0.00000000 +0.00000000e+00j  0.00000000 +0.00000000e+00j
   0.00000000 +0.00000000e+00j  0.00000000 +0.00000000e+00j
   0.00000000 +0.00000000e+00j  0.03691517 -2.68138614e-18j
   0.00000000 +0.00000000e+00j  0.03691517 +3.54112243e-18j
   0.00000000 +0.00000000e+00j  0.00000000 +0.00000000e+00j]
 [ 0.00000000 +0.00000000e+00j  0.00000000 +0.00000000e+00j
   0.40723916 -2.19924191e-18j  0.00000000 +0.00000000e+00j
  -0.03691517 +4.91253495e-20j  0.00000000 +0.00000000e+00j
   0.00000000 +0.00000000e+00j  0.00000000 +0.00000000e+00j
   0.00000000 +0.00000000e+00j  0.00000000 +0.00000000e+00j
   0.00000000 +0.00000000e+00j  0.00000000 +0.00000000e+00j
   0.00000000 +0.00000000e+00j  0.00000000 +0.00000000e+00j
   0.00000000 +0.00000000e+00j  0.00000000 +0.00000000e+00j
   0.00000000 +0.00000000e+00j  0.00000000 +0.00000000e+00j
   0.03691517 +3.54112243e-18j  0.00000000 +0.00000000e+00j]
 [ 0.00000000 +0.00000000e+00j  0.00000000 +0.00000000e+00j
   0.00000000 +0.00000000e+00j  0.33411976 -8.12489302e-18j
   0.00000000 +0.00000000e+00j -0.02433125 -1.37633629e-21j
   0.00000000 +0.00000000e+00j  0.00000000 +0.00000000e+00j
   0.00000000 +0.00000000e+00j  0.00000000 +0.00000000e+00j
  -0.00071094 -3.71369250e-20j  0.00000000 +0.00000000e+00j
   0.00000000 +0.00000000e+00j  0.00000000 +0.00000000e+00j
   0.00000000 +0.00000000e+00j  0.00000000 +0.00000000e+00j
   0.00000000 +0.00000000e+00j  0.00000000 +0.00000000e+00j
   0.00000000 +0.00000000e+00j  0.00071094 -3.71369250e-20j]
 [ 0.00000000 +0.00000000e+00j  0.00000000 +0.00000000e+00j
  -0.03691517 -2.78246934e-18j  0.00000000 +0.00000000e+00j
   0.40723916 -3.31068207e-18j  0.00000000 +0.00000000e+00j
   0.00000000 +0.00000000e+00j  0.00000000 +0.00000000e+00j
   0.00000000 +0.00000000e+00j  0.00000000 +0.00000000e+00j
   0.00000000 +0.00000000e+00j  0.00000000 +0.00000000e+00j
   0.00000000 +0.00000000e+00j  0.00000000 +0.00000000e+00j
   0.00000000 +0.00000000e+00j  0.00000000 +0.00000000e+00j
   0.00000000 +0.00000000e+00j  0.00000000 +0.00000000e+00j
   0.03691517 -2.68138614e-18j  0.00000000 +0.00000000e+00j]
 [ 0.00000000 +0.00000000e+00j  0.00000000 +0.00000000e+00j
   0.00000000 +0.00000000e+00j -0.02433125 +1.37633629e-21j
   0.00000000 +0.00000000e+00j  0.38420413 +1.65405993e-18j
   0.00000000 +0.00000000e+00j  0.00000000 +0.00000000e+00j
   0.00000000 +0.00000000e+00j  0.00000000 +0.00000000e+00j
  -0.02433125 -1.37633629e-21j  0.00000000 +0.00000000e+00j
   0.00000000 +0.00000000e+00j  0.00000000 +0.00000000e+00j
   0.00000000 +0.00000000e+00j  0.00000000 +0.00000000e+00j
   0.00000000 +0.00000000e+00j  0.00000000 +0.00000000e+00j
   0.00000000 +0.00000000e+00j  0.02433125 -1.37633629e-21j]
 [ 0.00000000 +0.00000000e+00j  0.00000000 +0.00000000e+00j
   0.00000000 +0.00000000e+00j  0.00000000 +0.00000000e+00j
   0.00000000 +0.00000000e+00j  0.00000000 +0.00000000e+00j
   0.40723916 -5.74477785e-18j -0.03691517 +4.91253495e-20j
   0.00000000 +0.00000000e+00j  0.00000000 +0.00000000e+00j
   0.00000000 +0.00000000e+00j -0.03691517 -3.70987038e-18j
   0.00000000 +0.00000000e+00j  0.00000000 +0.00000000e+00j
   0.00000000 +0.00000000e+00j  0.00000000 +0.00000000e+00j
   0.00000000 +0.00000000e+00j  0.00000000 +0.00000000e+00j
   0.00000000 +0.00000000e+00j  0.00000000 +0.00000000e+00j]
 [ 0.00000000 +0.00000000e+00j  0.00000000 +0.00000000e+00j
   0.00000000 +0.00000000e+00j  0.00000000 +0.00000000e+00j
   0.00000000 +0.00000000e+00j  0.00000000 +0.00000000e+00j
  -0.03691517 -2.78246934e-18j  0.40723916 -2.19924191e-18j
   0.00000000 +0.00000000e+00j  0.00000000 +0.00000000e+00j
   0.00000000 +0.00000000e+00j -0.03691517 +4.91253495e-20j
   0.00000000 +0.00000000e+00j  0.00000000 +0.00000000e+00j
   0.00000000 +0.00000000e+00j  0.00000000 +0.00000000e+00j
   0.00000000 +0.00000000e+00j  0.00000000 +0.00000000e+00j
   0.00000000 +0.00000000e+00j  0.00000000 +0.00000000e+00j]
 [ 0.00000000 +0.00000000e+00j  0.00000000 +0.00000000e+00j
   0.00000000 +0.00000000e+00j  0.00000000 +0.00000000e+00j
   0.00000000 +0.00000000e+00j  0.00000000 +0.00000000e+00j
   0.00000000 +0.00000000e+00j  0.00000000 +0.00000000e+00j
   0.40723916 -5.74477785e-18j  0.00000000 +0.00000000e+00j
   0.00000000 +0.00000000e+00j  0.00000000 +0.00000000e+00j
  -0.03691517 +4.91253495e-20j -0.03691517 -3.70987038e-18j
   0.00000000 +0.00000000e+00j  0.00000000 +0.00000000e+00j
   0.00000000 +0.00000000e+00j  0.00000000 +0.00000000e+00j
   0.00000000 +0.00000000e+00j  0.00000000 +0.00000000e+00j]
 [ 0.00071094 +2.01977097e-20j  0.00000000 +0.00000000e+00j
   0.00000000 +0.00000000e+00j  0.00000000 +0.00000000e+00j
   0.00000000 +0.00000000e+00j  0.00000000 +0.00000000e+00j
   0.00000000 +0.00000000e+00j  0.00000000 +0.00000000e+00j
   0.00000000 +0.00000000e+00j  0.33411976 -8.12489302e-18j
   0.00000000 +0.00000000e+00j  0.00000000 +0.00000000e+00j
   0.00000000 +0.00000000e+00j  0.00000000 +0.00000000e+00j
  -0.02433125 -1.37633629e-21j  0.00000000 +0.00000000e+00j
  -0.00071094 -3.71369250e-20j  0.00000000 +0.00000000e+00j
   0.00000000 +0.00000000e+00j  0.00000000 +0.00000000e+00j]
 [ 0.00000000 +0.00000000e+00j  0.00000000 +0.00000000e+00j
   0.00000000 +0.00000000e+00j -0.00071094 +3.71369250e-20j
   0.00000000 +0.00000000e+00j -0.02433125 +1.37633629e-21j
   0.00000000 +0.00000000e+00j  0.00000000 +0.00000000e+00j
   0.00000000 +0.00000000e+00j  0.00000000 +0.00000000e+00j
   0.33411976 -6.80223739e-18j  0.00000000 +0.00000000e+00j
   0.00000000 +0.00000000e+00j  0.00000000 +0.00000000e+00j
   0.00000000 +0.00000000e+00j  0.00000000 +0.00000000e+00j
   0.00000000 +0.00000000e+00j  0.00000000 +0.00000000e+00j
   0.00000000 +0.00000000e+00j  0.00071094 -3.71369250e-20j]
 [ 0.00000000 +0.00000000e+00j  0.00000000 +0.00000000e+00j
   0.00000000 +0.00000000e+00j  0.00000000 +0.00000000e+00j
   0.00000000 +0.00000000e+00j  0.00000000 +0.00000000e+00j
  -0.03691517 +3.44003923e-18j -0.03691517 -2.78246934e-18j
   0.00000000 +0.00000000e+00j  0.00000000 +0.00000000e+00j
   0.00000000 +0.00000000e+00j  0.40723916 -3.31068207e-18j
   0.00000000 +0.00000000e+00j  0.00000000 +0.00000000e+00j
   0.00000000 +0.00000000e+00j  0.00000000 +0.00000000e+00j
   0.00000000 +0.00000000e+00j  0.00000000 +0.00000000e+00j
   0.00000000 +0.00000000e+00j  0.00000000 +0.00000000e+00j]
 [ 0.00000000 +0.00000000e+00j  0.00000000 +0.00000000e+00j
   0.00000000 +0.00000000e+00j  0.00000000 +0.00000000e+00j
   0.00000000 +0.00000000e+00j  0.00000000 +0.00000000e+00j
   0.00000000 +0.00000000e+00j  0.00000000 +0.00000000e+00j
  -0.03691517 -2.78246934e-18j  0.00000000 +0.00000000e+00j
   0.00000000 +0.00000000e+00j  0.00000000 +0.00000000e+00j
   0.40723916 -2.19924191e-18j -0.03691517 +4.91253495e-20j
   0.00000000 +0.00000000e+00j  0.00000000 +0.00000000e+00j
   0.00000000 +0.00000000e+00j  0.00000000 +0.00000000e+00j
   0.00000000 +0.00000000e+00j  0.00000000 +0.00000000e+00j]
 [ 0.00000000 +0.00000000e+00j  0.00000000 +0.00000000e+00j
   0.00000000 +0.00000000e+00j  0.00000000 +0.00000000e+00j
   0.00000000 +0.00000000e+00j  0.00000000 +0.00000000e+00j
   0.00000000 +0.00000000e+00j  0.00000000 +0.00000000e+00j
  -0.03691517 +3.44003923e-18j  0.00000000 +0.00000000e+00j
   0.00000000 +0.00000000e+00j  0.00000000 +0.00000000e+00j
  -0.03691517 -2.78246934e-18j  0.40723916 -3.31068207e-18j
   0.00000000 +0.00000000e+00j  0.00000000 +0.00000000e+00j
   0.00000000 +0.00000000e+00j  0.00000000 +0.00000000e+00j
   0.00000000 +0.00000000e+00j  0.00000000 +0.00000000e+00j]
 [ 0.02433125 -2.38268868e-20j  0.00000000 +0.00000000e+00j
   0.00000000 +0.00000000e+00j  0.00000000 +0.00000000e+00j
   0.00000000 +0.00000000e+00j  0.00000000 +0.00000000e+00j
   0.00000000 +0.00000000e+00j  0.00000000 +0.00000000e+00j
   0.00000000 +0.00000000e+00j -0.02433125 +1.37633629e-21j
   0.00000000 +0.00000000e+00j  0.00000000 +0.00000000e+00j
   0.00000000 +0.00000000e+00j  0.00000000 +0.00000000e+00j
   0.38420413 +1.65405993e-18j  0.00000000 +0.00000000e+00j
  -0.02433125 -1.37633629e-21j  0.00000000 +0.00000000e+00j
   0.00000000 +0.00000000e+00j  0.00000000 +0.00000000e+00j]
 [ 0.00000000 +0.00000000e+00j  0.03691517 +2.46049412e-18j
   0.00000000 +0.00000000e+00j  0.00000000 +0.00000000e+00j
   0.00000000 +0.00000000e+00j  0.00000000 +0.00000000e+00j
   0.00000000 +0.00000000e+00j  0.00000000 +0.00000000e+00j
   0.00000000 +0.00000000e+00j  0.00000000 +0.00000000e+00j
   0.00000000 +0.00000000e+00j  0.00000000 +0.00000000e+00j
   0.00000000 +0.00000000e+00j  0.00000000 +0.00000000e+00j
   0.00000000 +0.00000000e+00j  0.40723916 -2.19924191e-18j
   0.00000000 +0.00000000e+00j -0.03691517 +4.91253495e-20j
   0.00000000 +0.00000000e+00j  0.00000000 +0.00000000e+00j]
 [ 0.00071094 +2.01977097e-20j  0.00000000 +0.00000000e+00j
   0.00000000 +0.00000000e+00j  0.00000000 +0.00000000e+00j
   0.00000000 +0.00000000e+00j  0.00000000 +0.00000000e+00j
   0.00000000 +0.00000000e+00j  0.00000000 +0.00000000e+00j
   0.00000000 +0.00000000e+00j -0.00071094 +3.71369250e-20j
   0.00000000 +0.00000000e+00j  0.00000000 +0.00000000e+00j
   0.00000000 +0.00000000e+00j  0.00000000 +0.00000000e+00j
  -0.02433125 +1.37633629e-21j  0.00000000 +0.00000000e+00j
   0.33411976 -6.80223739e-18j  0.00000000 +0.00000000e+00j
   0.00000000 +0.00000000e+00j  0.00000000 +0.00000000e+00j]
 [ 0.00000000 +0.00000000e+00j  0.03691517 -3.76118458e-18j
   0.00000000 +0.00000000e+00j  0.00000000 +0.00000000e+00j
   0.00000000 +0.00000000e+00j  0.00000000 +0.00000000e+00j
   0.00000000 +0.00000000e+00j  0.00000000 +0.00000000e+00j
   0.00000000 +0.00000000e+00j  0.00000000 +0.00000000e+00j
   0.00000000 +0.00000000e+00j  0.00000000 +0.00000000e+00j
   0.00000000 +0.00000000e+00j  0.00000000 +0.00000000e+00j
   0.00000000 +0.00000000e+00j -0.03691517 -2.78246934e-18j
   0.00000000 +0.00000000e+00j  0.40723916 -3.31068207e-18j
   0.00000000 +0.00000000e+00j  0.00000000 +0.00000000e+00j]
 [ 0.00000000 +0.00000000e+00j  0.00000000 +0.00000000e+00j
   0.03691517 -3.76118458e-18j  0.00000000 +0.00000000e+00j
   0.03691517 +2.46049412e-18j  0.00000000 +0.00000000e+00j
   0.00000000 +0.00000000e+00j  0.00000000 +0.00000000e+00j
   0.00000000 +0.00000000e+00j  0.00000000 +0.00000000e+00j
   0.00000000 +0.00000000e+00j  0.00000000 +0.00000000e+00j
   0.00000000 +0.00000000e+00j  0.00000000 +0.00000000e+00j
   0.00000000 +0.00000000e+00j  0.00000000 +0.00000000e+00j
   0.00000000 +0.00000000e+00j  0.00000000 +0.00000000e+00j
   0.40723916 -3.31068207e-18j  0.00000000 +0.00000000e+00j]
 [ 0.00000000 +0.00000000e+00j  0.00000000 +0.00000000e+00j
   0.00000000 +0.00000000e+00j  0.00071094 +2.01977097e-20j
   0.00000000 +0.00000000e+00j  0.02433125 -2.38268868e-20j
   0.00000000 +0.00000000e+00j  0.00000000 +0.00000000e+00j
   0.00000000 +0.00000000e+00j  0.00000000 +0.00000000e+00j
   0.00071094 +2.01977097e-20j  0.00000000 +0.00000000e+00j
   0.00000000 +0.00000000e+00j  0.00000000 +0.00000000e+00j
   0.00000000 +0.00000000e+00j  0.00000000 +0.00000000e+00j
   0.00000000 +0.00000000e+00j  0.00000000 +0.00000000e+00j
   0.00000000 +0.00000000e+00j  0.33411976 -6.80223739e-18j]]
x 0.407239158975
(20, 20)
[0.044546994331273557, 0.04528365619516183, 0.05460528556298698, 0.054605285562986994, 0.070664577834268674, 0.074060957815305223, 0.10373679374853254, 0.10373679374853258, 0.10373679374853259, 0.12096538977386563, 0.13994102498409322, 0.14963174145567323, 0.15327112845864349, 0.15327112845864371, 0.15900745345562853, 0.16342466417253118, 0.16498321170736518, 0.19697229107224384, 0.19936274495314041, 0.19936274495314063]
xx 2.58462683007e-18
[0.30906222112516724, 0.30906222112516762, 0.33340882503843, 0.33340882503843006, 0.33340882503843011, 0.33340882503843028, 0.33483069650364977, 0.3348306965036501, 0.33483069650365016, 0.33483069650365049]
